Fitter report for lpcdbg_qspi_p83-80_intel-sr6a4
Tue Oct 26 04:04:31 2021
Quartus Prime Version 20.1.1 Build 720 11/11/2020 SJ Lite Edition


---------------------
; Table of Contents ;
---------------------
  1. Legal Notice
  2. Fitter Summary
  3. Fitter Settings
  4. Parallel Compilation
  5. Fitter Netlist Optimizations
  6. Pin-Out File
  7. Fitter Resource Usage Summary
  8. Input Pins
  9. Output Pins
 10. Bidir Pins
 11. I/O Bank Usage
 12. All Package Pins
 13. Output Pin Default Load For Reported TCO
 14. I/O Assignment Warnings
 15. Fitter Resource Utilization by Entity
 16. Delay Chain Summary
 17. Control Signals
 18. Global & Other Fast Signals
 19. Routing Usage Summary
 20. LAB Logic Elements
 21. LAB-wide Signals
 22. LAB Signals Sourced
 23. LAB Signals Sourced Out
 24. LAB Distinct Inputs
 25. Fitter Device Options
 26. Fitter Messages
 27. Fitter Suppressed Messages



----------------
; Legal Notice ;
----------------
Copyright (C) 2020  Intel Corporation. All rights reserved.
Your use of Intel Corporation's design tools, logic functions 
and other software and tools, and any partner logic 
functions, and any output files from any of the foregoing 
(including device programming or simulation files), and any 
associated documentation or information are expressly subject 
to the terms and conditions of the Intel Program License 
Subscription Agreement, the Intel Quartus Prime License Agreement,
the Intel FPGA IP License Agreement, or other applicable license
agreement, including, without limitation, that your use is for
the sole purpose of programming logic devices manufactured by
Intel and sold by Intel or its authorized distributors.  Please
refer to the applicable agreement for further details, at
https://fpgasoftware.intel.com/eula.



+---------------------------------------------------------------------+
; Fitter Summary                                                      ;
+-----------------------+---------------------------------------------+
; Fitter Status         ; Successful - Tue Oct 26 04:04:31 2021       ;
; Quartus Prime Version ; 20.1.1 Build 720 11/11/2020 SJ Lite Edition ;
; Revision Name         ; lpcdbg_qspi_p83-80_intel-sr6a4              ;
; Top-level Entity Name ; top_level                                   ;
; Family                ; MAX II                                      ;
; Device                ; EPM1270F256C5                               ;
; Timing Models         ; Final                                       ;
; Total logic elements  ; 62 / 1,270 ( 5 % )                          ;
; Total pins            ; 14 / 212 ( 7 % )                            ;
; Total virtual pins    ; 0                                           ;
; UFM blocks            ; 0 / 1 ( 0 % )                               ;
+-----------------------+---------------------------------------------+


+--------------------------------------------------------------------------------------------------------------------------------------+
; Fitter Settings                                                                                                                      ;
+--------------------------------------------------------------------+--------------------------------+--------------------------------+
; Option                                                             ; Setting                        ; Default Value                  ;
+--------------------------------------------------------------------+--------------------------------+--------------------------------+
; Device                                                             ; EPM1270F256C5                  ;                                ;
; Minimum Core Junction Temperature                                  ; 0                              ;                                ;
; Maximum Core Junction Temperature                                  ; 85                             ;                                ;
; Router Timing Optimization Level                                   ; MAXIMUM                        ; Normal                         ;
; Placement Effort Multiplier                                        ; 4.0                            ; 1.0                            ;
; Fit Attempts to Skip                                               ; 0                              ; 0.0                            ;
; Perform Physical Synthesis for Combinational Logic for Performance ; On                             ; Off                            ;
; Perform Register Retiming for Performance                          ; On                             ; Off                            ;
; Fitter Effort                                                      ; Standard Fit                   ; Auto Fit                       ;
; Use smart compilation                                              ; Off                            ; Off                            ;
; Enable parallel Assembler and Timing Analyzer during compilation   ; On                             ; On                             ;
; Enable compact report table                                        ; Off                            ; Off                            ;
; Router Effort Multiplier                                           ; 1.0                            ; 1.0                            ;
; Always Enable Input Buffers                                        ; Off                            ; Off                            ;
; Optimize Hold Timing                                               ; IO Paths and Minimum TPD Paths ; IO Paths and Minimum TPD Paths ;
; Optimize Multi-Corner Timing                                       ; Off                            ; Off                            ;
; Guarantee I/O Paths Have Zero Hold Time at Fast Corner             ; On                             ; On                             ;
; Power Optimization During Fitting                                  ; Normal compilation             ; Normal compilation             ;
; Optimize Timing                                                    ; Normal compilation             ; Normal compilation             ;
; Optimize Timing for ECOs                                           ; Off                            ; Off                            ;
; Regenerate Full Fit Report During ECO Compiles                     ; Off                            ; Off                            ;
; Optimize IOC Register Placement for Timing                         ; Normal                         ; Normal                         ;
; Limit to One Fitting Attempt                                       ; Off                            ; Off                            ;
; Final Placement Optimizations                                      ; Automatically                  ; Automatically                  ;
; Fitter Aggressive Routability Optimizations                        ; Automatically                  ; Automatically                  ;
; Fitter Initial Placement Seed                                      ; 1                              ; 1                              ;
; Periphery to Core Placement and Routing Optimization               ; Off                            ; Off                            ;
; Slow Slew Rate                                                     ; Off                            ; Off                            ;
; PCI I/O                                                            ; Off                            ; Off                            ;
; Weak Pull-Up Resistor                                              ; Off                            ; Off                            ;
; Enable Bus-Hold Circuitry                                          ; Off                            ; Off                            ;
; Auto Delay Chains                                                  ; On                             ; On                             ;
; Auto Delay Chains for High Fanout Input Pins                       ; Off                            ; Off                            ;
; Perform Register Duplication for Performance                       ; Off                            ; Off                            ;
; Perform Asynchronous Signal Pipelining                             ; Off                            ; Off                            ;
; Physical Synthesis Effort Level                                    ; Normal                         ; Normal                         ;
; Logic Cell Insertion - Logic Duplication                           ; Auto                           ; Auto                           ;
; Auto Register Duplication                                          ; Auto                           ; Auto                           ;
; Auto Global Clock                                                  ; On                             ; On                             ;
; Auto Global Register Control Signals                               ; On                             ; On                             ;
; Force Fitter to Avoid Periphery Placement Warnings                 ; Off                            ; Off                            ;
+--------------------------------------------------------------------+--------------------------------+--------------------------------+


+------------------------------------------+
; Parallel Compilation                     ;
+----------------------------+-------------+
; Processors                 ; Number      ;
+----------------------------+-------------+
; Number detected on machine ; 32          ;
; Maximum allowed            ; 16          ;
;                            ;             ;
; Average used               ; 1.10        ;
; Maximum used               ; 16          ;
;                            ;             ;
; Usage by Processor         ; % Time Used ;
;     Processor 1            ; 100.0%      ;
;     Processor 2            ;   0.7%      ;
;     Processors 3-16        ;   0.7%      ;
+----------------------------+-------------+


+------------------------------------------------------------------------------------------------------------------------------------------------------------------------------------------------+
; Fitter Netlist Optimizations                                                                                                                                                                   ;
+-----------------------------------------------+----------+--------------------+---------------------+-----------+----------------+------------------+------------------+-----------------------+
; Node                                          ; Action   ; Operation          ; Reason              ; Node Port ; Node Port Name ; Destination Node ; Destination Port ; Destination Port Name ;
+-----------------------------------------------+----------+--------------------+---------------------+-----------+----------------+------------------+------------------+-----------------------+
; lpc_decode:comb_3|address_reg[16]             ; Modified ; Physical Synthesis ; Timing optimization ;           ;                ;                  ;                  ;                       ;
; lpc_decode:comb_3|address_reg[16]_RESYN0_BDD1 ; Created  ; Physical Synthesis ; Timing optimization ;           ;                ;                  ;                  ;                       ;
; lpc_decode:comb_3|address_reg[18]             ; Modified ; Physical Synthesis ; Timing optimization ;           ;                ;                  ;                  ;                       ;
; lpc_decode:comb_3|lpc_hit                     ; Modified ; Physical Synthesis ; Timing optimization ;           ;                ;                  ;                  ;                       ;
+-----------------------------------------------+----------+--------------------+---------------------+-----------+----------------+------------------+------------------+-----------------------+


+--------------+
; Pin-Out File ;
+--------------+
The pin-out file can be found in D:/6 - Projects/Software/! FPGA - CPLD/lpcdbg_qspi_p83-80_intel-sr6a4_evt/output_files/lpcdbg_qspi_p83-80_intel-sr6a4.pin.


+------------------------------------------------------------------+
; Fitter Resource Usage Summary                                    ;
+---------------------------------------------+--------------------+
; Resource                                    ; Usage              ;
+---------------------------------------------+--------------------+
; Total logic elements                        ; 62 / 1,270 ( 5 % ) ;
;     -- Combinational with no register       ; 10                 ;
;     -- Register only                        ; 29                 ;
;     -- Combinational with a register        ; 23                 ;
;                                             ;                    ;
; Logic element usage by number of LUT inputs ;                    ;
;     -- 4 input functions                    ; 12                 ;
;     -- 3 input functions                    ; 10                 ;
;     -- 2 input functions                    ; 11                 ;
;     -- 1 input functions                    ; 0                  ;
;     -- 0 input functions                    ; 0                  ;
;                                             ;                    ;
; Logic elements by mode                      ;                    ;
;     -- normal mode                          ; 62                 ;
;     -- arithmetic mode                      ; 0                  ;
;     -- qfbk mode                            ; 6                  ;
;     -- register cascade mode                ; 0                  ;
;     -- synchronous clear/load mode          ; 30                 ;
;     -- asynchronous clear/load mode         ; 43                 ;
;                                             ;                    ;
; Total registers                             ; 52 / 1,270 ( 4 % ) ;
; Total LABs                                  ; 9 / 127 ( 7 % )    ;
; Logic elements in carry chains              ; 0                  ;
; Virtual pins                                ; 0                  ;
; I/O pins                                    ; 14 / 212 ( 7 % )   ;
;     -- Clock pins                           ; 1 / 4 ( 25 % )     ;
;                                             ;                    ;
; UFM blocks                                  ; 0 / 1 ( 0 % )      ;
;                                             ;                    ;
;     -- Total Fixed Point DSP Blocks         ; 0                  ;
;     -- Total Floating Point DSP Blocks      ; 0                  ;
;                                             ;                    ;
; Global signals                              ; 4                  ;
;     -- Global clocks                        ; 4 / 4 ( 100 % )    ;
; JTAGs                                       ; 0 / 1 ( 0 % )      ;
; Average interconnect usage (total/H/V)      ; 1.4% / 1.4% / 1.4% ;
; Peak interconnect usage (total/H/V)         ; 2.3% / 2.3% / 2.4% ;
; Maximum fan-out                             ; 48                 ;
; Highest non-global fan-out                  ; 17                 ;
; Total fan-out                               ; 273                ;
; Average fan-out                             ; 3.59               ;
+---------------------------------------------+--------------------+


+-------------------------------------------------------------------------------------------------------------------------------------------------------------------------------------------------------------------------------------+
; Input Pins                                                                                                                                                                                                                          ;
+-------------+-------+----------+--------------+--------------+-------------+-----------------------+--------------------+--------+-----------------+----------+--------------+--------------+----------------------+----------------+
; Name        ; Pin # ; I/O Bank ; X coordinate ; Y coordinate ; Cell number ; Combinational Fan-Out ; Registered Fan-Out ; Global ; PCI I/O Enabled ; Bus Hold ; Weak Pull Up ; I/O Standard ; Location assigned by ; Slow Slew Rate ;
+-------------+-------+----------+--------------+--------------+-------------+-----------------------+--------------------+--------+-----------------+----------+--------------+--------------+----------------------+----------------+
; lpc_clk_l   ; H12   ; 3        ; 17           ; 5            ; 0           ; 48                    ; 0                  ; yes    ; no              ; no       ; Off          ; 3.3-V LVTTL  ; User                 ; no             ;
; lpc_frame_l ; G16   ; 3        ; 17           ; 6            ; 1           ; 17                    ; 0                  ; no     ; no              ; no       ; Off          ; 3.3-V LVTTL  ; User                 ; no             ;
; lpc_rst_l   ; H16   ; 3        ; 17           ; 6            ; 5           ; 42                    ; 0                  ; yes    ; no              ; no       ; Off          ; 3.3-V LVTTL  ; User                 ; no             ;
; lpc_v3p3_s0 ; P7    ; 4        ; 4            ; 3            ; 0           ; 0                     ; 0                  ; no     ; no              ; no       ; Off          ; 3.3-V LVTTL  ; Fitter               ; no             ;
; qspi_clk    ; T11   ; 4        ; 12           ; 0            ; 2           ; 4                     ; 0                  ; yes    ; no              ; no       ; Off          ; 3.3-V LVTTL  ; User                 ; no             ;
+-------------+-------+----------+--------------+--------------+-------------+-----------------------+--------------------+--------+-----------------+----------+--------------+--------------+----------------------+----------------+


+-------------------------------------------------------------------------------------------------------------------------------------------------------------------------------------------------------------------------------------------------------------------------------------------------------------------------------+
; Output Pins                                                                                                                                                                                                                                                                                                                   ;
+-------------+-------+----------+--------------+--------------+-------------+-----------------+----------------+-----------------+------------+---------------+----------+--------------+--------------+------------------+------------------------+----------------------+-------+----------------------+---------------------+
; Name        ; Pin # ; I/O Bank ; X coordinate ; Y coordinate ; Cell number ; Output Register ; Slow Slew Rate ; PCI I/O Enabled ; Open Drain ; TRI Primitive ; Bus Hold ; Weak Pull Up ; I/O Standard ; Current Strength ; Fast Output Connection ; Location assigned by ; Load  ; Output Enable Source ; Output Enable Group ;
+-------------+-------+----------+--------------+--------------+-------------+-----------------+----------------+-----------------+------------+---------------+----------+--------------+--------------+------------------+------------------------+----------------------+-------+----------------------+---------------------+
; qspi_int    ; T10   ; 4        ; 9            ; 3            ; 1           ; no              ; no             ; no              ; no         ; no            ; no       ; Off          ; 3.3-V LVTTL  ; 16mA             ; no                     ; User                 ; 10 pF ; -                    ; -                   ;
; qspi_out[0] ; T6    ; 4        ; 6            ; 3            ; 2           ; no              ; no             ; no              ; no         ; no            ; no       ; Off          ; 3.3-V LVTTL  ; 16mA             ; no                     ; User                 ; 10 pF ; -                    ; -                   ;
; qspi_out[1] ; T7    ; 4        ; 7            ; 3            ; 2           ; no              ; no             ; no              ; no         ; no            ; no       ; Off          ; 3.3-V LVTTL  ; 16mA             ; no                     ; User                 ; 10 pF ; -                    ; -                   ;
; qspi_out[2] ; T8    ; 4        ; 8            ; 3            ; 2           ; no              ; no             ; no              ; no         ; no            ; no       ; Off          ; 3.3-V LVTTL  ; 16mA             ; no                     ; User                 ; 10 pF ; -                    ; -                   ;
; qspi_out[3] ; T9    ; 4        ; 8            ; 3            ; 1           ; no              ; no             ; no              ; no         ; no            ; no       ; Off          ; 3.3-V LVTTL  ; 16mA             ; no                     ; User                 ; 10 pF ; -                    ; -                   ;
+-------------+-------+----------+--------------+--------------+-------------+-----------------+----------------+-----------------+------------+---------------+----------+--------------+--------------+------------------+------------------------+----------------------+-------+----------------------+---------------------+


+------------------------------------------------------------------------------------------------------------------------------------------------------------------------------------------------------------------------------------------------------------------------------------------------------------------------------------------------------------------------+
; Bidir Pins                                                                                                                                                                                                                                                                                                                                                             ;
+------------+-------+----------+--------------+--------------+-------------+-----------------------+--------------------+--------+-----------------+----------------+-----------------+------------+----------+--------------+--------------+------------------+------------------------+----------------------+-------+--------------------------+---------------------+
; Name       ; Pin # ; I/O Bank ; X coordinate ; Y coordinate ; Cell number ; Combinational Fan-Out ; Registered Fan-Out ; Global ; Output Register ; Slow Slew Rate ; PCI I/O Enabled ; Open Drain ; Bus Hold ; Weak Pull Up ; I/O Standard ; Current Strength ; Fast Output Connection ; Location assigned by ; Load  ; Output Enable Source     ; Output Enable Group ;
+------------+-------+----------+--------------+--------------+-------------+-----------------------+--------------------+--------+-----------------+----------------+-----------------+------------+----------+--------------+--------------+------------------+------------------------+----------------------+-------+--------------------------+---------------------+
; lpc_lad[0] ; M16   ; 3        ; 17           ; 3            ; 4           ; 7                     ; 0                  ; no     ; no              ; no             ; no              ; no         ; no       ; Off          ; 3.3-V LVTTL  ; 16mA             ; no                     ; User                 ; 10 pF ; lpc_decode:comb_3|lad_oe ; -                   ;
; lpc_lad[1] ; L16   ; 3        ; 17           ; 3            ; 0           ; 8                     ; 0                  ; no     ; no              ; no             ; no              ; no         ; no       ; Off          ; 3.3-V LVTTL  ; 16mA             ; no                     ; User                 ; 10 pF ; lpc_decode:comb_3|lad_oe ; -                   ;
; lpc_lad[2] ; K16   ; 3        ; 17           ; 4            ; 1           ; 8                     ; 0                  ; no     ; no              ; no             ; no              ; no         ; no       ; Off          ; 3.3-V LVTTL  ; 16mA             ; no                     ; User                 ; 10 pF ; lpc_decode:comb_3|lad_oe ; -                   ;
; lpc_lad[3] ; J16   ; 3        ; 17           ; 5            ; 3           ; 8                     ; 0                  ; no     ; no              ; no             ; no              ; no         ; no       ; Off          ; 3.3-V LVTTL  ; 16mA             ; no                     ; User                 ; 10 pF ; lpc_decode:comb_3|lad_oe ; -                   ;
+------------+-------+----------+--------------+--------------+-------------+-----------------------+--------------------+--------+-----------------+----------------+-----------------+------------+----------+--------------+--------------+------------------+------------------------+----------------------+-------+--------------------------+---------------------+


+-----------------------------------------------------------+
; I/O Bank Usage                                            ;
+----------+-----------------+---------------+--------------+
; I/O Bank ; Usage           ; VCCIO Voltage ; VREF Voltage ;
+----------+-----------------+---------------+--------------+
; 1        ; 0 / 51 ( 0 % )  ; 3.3V          ; --           ;
; 2        ; 0 / 53 ( 0 % )  ; 3.3V          ; --           ;
; 3        ; 7 / 55 ( 13 % ) ; 3.3V          ; --           ;
; 4        ; 7 / 53 ( 13 % ) ; 3.3V          ; --           ;
+----------+-----------------+---------------+--------------+


+------------------------------------------------------------------------------------------------------------------------------------------------+
; All Package Pins                                                                                                                               ;
+----------+------------+----------+----------------+--------+--------------+-----------+------------+-----------------+----------+--------------+
; Location ; Pad Number ; I/O Bank ; Pin Name/Usage ; Dir.   ; I/O Standard ; Voltage   ; I/O Type   ; User Assignment ; Bus Hold ; Weak Pull Up ;
+----------+------------+----------+----------------+--------+--------------+-----------+------------+-----------------+----------+--------------+
; A1       ;            ;          ; GNDIO          ; gnd    ;              ;           ; --         ;                 ; --       ; --           ;
; A2       ; 212        ; 2        ; GND*           ;        ;              ;           ; Column I/O ;                 ; no       ; Off          ;
; A3       ;            ; 2        ; VCCIO2         ; power  ;              ; 3.3V      ; --         ;                 ; --       ; --           ;
; A4       ; 204        ; 2        ; GND*           ;        ;              ;           ; Column I/O ;                 ; no       ; Off          ;
; A5       ; 200        ; 2        ; GND*           ;        ;              ;           ; Column I/O ;                 ; no       ; Off          ;
; A6       ; 196        ; 2        ; GND*           ;        ;              ;           ; Column I/O ;                 ; no       ; Off          ;
; A7       ; 192        ; 2        ; GND*           ;        ;              ;           ; Column I/O ;                 ; no       ; Off          ;
; A8       ; 189        ; 2        ; GND*           ;        ;              ;           ; Column I/O ;                 ; no       ; Off          ;
; A9       ; 188        ; 2        ; GND*           ;        ;              ;           ; Column I/O ;                 ; no       ; Off          ;
; A10      ; 184        ; 2        ; GND*           ;        ;              ;           ; Column I/O ;                 ; no       ; Off          ;
; A11      ; 180        ; 2        ; GND*           ;        ;              ;           ; Column I/O ;                 ; no       ; Off          ;
; A12      ; 176        ; 2        ; GND*           ;        ;              ;           ; Column I/O ;                 ; no       ; Off          ;
; A13      ; 172        ; 2        ; GND*           ;        ;              ;           ; Column I/O ;                 ; no       ; Off          ;
; A14      ;            ; 2        ; VCCIO2         ; power  ;              ; 3.3V      ; --         ;                 ; --       ; --           ;
; A15      ; 166        ; 2        ; GND*           ;        ;              ;           ; Column I/O ;                 ; no       ; Off          ;
; A16      ;            ;          ; GNDIO          ; gnd    ;              ;           ; --         ;                 ; --       ; --           ;
; B1       ; 214        ; 2        ; GND*           ;        ;              ;           ; Column I/O ;                 ; no       ; Off          ;
; B2       ;            ;          ; GNDIO          ; gnd    ;              ;           ; --         ;                 ; --       ; --           ;
; B3       ; 210        ; 2        ; GND*           ;        ;              ;           ; Column I/O ;                 ; no       ; Off          ;
; B4       ; 206        ; 2        ; GND*           ;        ;              ;           ; Column I/O ;                 ; no       ; Off          ;
; B5       ; 202        ; 2        ; GND*           ;        ;              ;           ; Column I/O ;                 ; no       ; Off          ;
; B6       ; 198        ; 2        ; GND*           ;        ;              ;           ; Column I/O ;                 ; no       ; Off          ;
; B7       ; 194        ; 2        ; GND*           ;        ;              ;           ; Column I/O ;                 ; no       ; Off          ;
; B8       ; 190        ; 2        ; GND*           ;        ;              ;           ; Column I/O ;                 ; no       ; Off          ;
; B9       ; 186        ; 2        ; GND*           ;        ;              ;           ; Column I/O ;                 ; no       ; Off          ;
; B10      ; 182        ; 2        ; GND*           ;        ;              ;           ; Column I/O ;                 ; no       ; Off          ;
; B11      ; 178        ; 2        ; GND*           ;        ;              ;           ; Column I/O ;                 ; no       ; Off          ;
; B12      ; 174        ; 2        ; GND*           ;        ;              ;           ; Column I/O ;                 ; no       ; Off          ;
; B13      ; 170        ; 2        ; GND*           ;        ;              ;           ; Column I/O ;                 ; no       ; Off          ;
; B14      ; 168        ; 2        ; GND*           ;        ;              ;           ; Column I/O ;                 ; no       ; Off          ;
; B15      ;            ;          ; GNDIO          ; gnd    ;              ;           ; --         ;                 ; --       ; --           ;
; B16      ; 164        ; 2        ; GND*           ;        ;              ;           ; Column I/O ;                 ; no       ; Off          ;
; C1       ;            ; 1        ; VCCIO1         ; power  ;              ; 3.3V      ; --         ;                 ; --       ; --           ;
; C2       ; 1          ; 1        ; GND*           ;        ;              ;           ; Row I/O    ;                 ; no       ; Off          ;
; C3       ; 3          ; 1        ; GND*           ;        ;              ;           ; Row I/O    ;                 ; no       ; Off          ;
; C4       ; 208        ; 2        ; GND*           ;        ;              ;           ; Column I/O ;                 ; no       ; Off          ;
; C5       ; 211        ; 2        ; GND*           ;        ;              ;           ; Column I/O ;                 ; no       ; Off          ;
; C6       ; 209        ; 2        ; GND*           ;        ;              ;           ; Column I/O ;                 ; no       ; Off          ;
; C7       ; 203        ; 2        ; GND*           ;        ;              ;           ; Column I/O ;                 ; no       ; Off          ;
; C8       ; 195        ; 2        ; GND*           ;        ;              ;           ; Column I/O ;                 ; no       ; Off          ;
; C9       ; 183        ; 2        ; GND*           ;        ;              ;           ; Column I/O ;                 ; no       ; Off          ;
; C10      ; 175        ; 2        ; GND*           ;        ;              ;           ; Column I/O ;                 ; no       ; Off          ;
; C11      ; 169        ; 2        ; GND*           ;        ;              ;           ; Column I/O ;                 ; no       ; Off          ;
; C12      ; 165        ; 2        ; GND*           ;        ;              ;           ; Column I/O ;                 ; no       ; Off          ;
; C13      ; 163        ; 2        ; GND*           ;        ;              ;           ; Column I/O ;                 ; no       ; Off          ;
; C14      ; 160        ; 3        ; GND*           ;        ;              ;           ; Row I/O    ;                 ; no       ; Off          ;
; C15      ; 158        ; 3        ; GND*           ;        ;              ;           ; Row I/O    ;                 ; no       ; Off          ;
; C16      ;            ; 3        ; VCCIO3         ; power  ;              ; 3.3V      ; --         ;                 ; --       ; --           ;
; D1       ; 7          ; 1        ; GND*           ;        ;              ;           ; Row I/O    ;                 ; no       ; Off          ;
; D2       ; 5          ; 1        ; GND*           ;        ;              ;           ; Row I/O    ;                 ; no       ; Off          ;
; D3       ; 0          ; 1        ; GND*           ;        ;              ;           ; Row I/O    ;                 ; no       ; Off          ;
; D4       ; 215        ; 2        ; GND*           ;        ;              ;           ; Column I/O ;                 ; no       ; Off          ;
; D5       ; 213        ; 2        ; GND*           ;        ;              ;           ; Column I/O ;                 ; no       ; Off          ;
; D6       ; 207        ; 2        ; GND*           ;        ;              ;           ; Column I/O ;                 ; no       ; Off          ;
; D7       ; 201        ; 2        ; GND*           ;        ;              ;           ; Column I/O ;                 ; no       ; Off          ;
; D8       ; 193        ; 2        ; GND*           ;        ;              ;           ; Column I/O ;                 ; no       ; Off          ;
; D9       ; 185        ; 2        ; GND*           ;        ;              ;           ; Column I/O ;                 ; no       ; Off          ;
; D10      ; 177        ; 2        ; GND*           ;        ;              ;           ; Column I/O ;                 ; no       ; Off          ;
; D11      ; 171        ; 2        ; GND*           ;        ;              ;           ; Column I/O ;                 ; no       ; Off          ;
; D12      ; 167        ; 2        ; GND*           ;        ;              ;           ; Column I/O ;                 ; no       ; Off          ;
; D13      ; 162        ; 3        ; GND*           ;        ;              ;           ; Row I/O    ;                 ; no       ; Off          ;
; D14      ; 156        ; 3        ; GND*           ;        ;              ;           ; Row I/O    ;                 ; no       ; Off          ;
; D15      ; 154        ; 3        ; GND*           ;        ;              ;           ; Row I/O    ;                 ; no       ; Off          ;
; D16      ; 152        ; 3        ; GND*           ;        ;              ;           ; Row I/O    ;                 ; no       ; Off          ;
; E1       ; 11         ; 1        ; GND*           ;        ;              ;           ; Row I/O    ;                 ; no       ; Off          ;
; E2       ; 9          ; 1        ; GND*           ;        ;              ;           ; Row I/O    ;                 ; no       ; Off          ;
; E3       ; 2          ; 1        ; GND*           ;        ;              ;           ; Row I/O    ;                 ; no       ; Off          ;
; E4       ; 4          ; 1        ; GND*           ;        ;              ;           ; Row I/O    ;                 ; no       ; Off          ;
; E5       ; 6          ; 1        ; GND*           ;        ;              ;           ; Row I/O    ;                 ; no       ; Off          ;
; E6       ; 205        ; 2        ; GND*           ;        ;              ;           ; Column I/O ;                 ; no       ; Off          ;
; E7       ; 199        ; 2        ; GND*           ;        ;              ;           ; Column I/O ;                 ; no       ; Off          ;
; E8       ; 191        ; 2        ; GND*           ;        ;              ;           ; Column I/O ;                 ; no       ; Off          ;
; E9       ; 187        ; 2        ; GND*           ;        ;              ;           ; Column I/O ;                 ; no       ; Off          ;
; E10      ; 179        ; 2        ; GND*           ;        ;              ;           ; Column I/O ;                 ; no       ; Off          ;
; E11      ; 173        ; 2        ; GND*           ;        ;              ;           ; Column I/O ;                 ; no       ; Off          ;
; E12      ; 157        ; 3        ; GND*           ;        ;              ;           ; Row I/O    ;                 ; no       ; Off          ;
; E13      ; 159        ; 3        ; GND*           ;        ;              ;           ; Row I/O    ;                 ; no       ; Off          ;
; E14      ; 161        ; 3        ; GND*           ;        ;              ;           ; Row I/O    ;                 ; no       ; Off          ;
; E15      ; 150        ; 3        ; GND*           ;        ;              ;           ; Row I/O    ;                 ; no       ; Off          ;
; E16      ; 148        ; 3        ; GND*           ;        ;              ;           ; Row I/O    ;                 ; no       ; Off          ;
; F1       ; 15         ; 1        ; GND*           ;        ;              ;           ; Row I/O    ;                 ; no       ; Off          ;
; F2       ; 13         ; 1        ; GND*           ;        ;              ;           ; Row I/O    ;                 ; no       ; Off          ;
; F3       ; 8          ; 1        ; GND*           ;        ;              ;           ; Row I/O    ;                 ; no       ; Off          ;
; F4       ; 10         ; 1        ; GND*           ;        ;              ;           ; Row I/O    ;                 ; no       ; Off          ;
; F5       ; 12         ; 1        ; GND*           ;        ;              ;           ; Row I/O    ;                 ; no       ; Off          ;
; F6       ; 14         ; 1        ; GND*           ;        ;              ;           ; Row I/O    ;                 ; no       ; Off          ;
; F7       ; 197        ; 2        ; GND*           ;        ;              ;           ; Column I/O ;                 ; no       ; Off          ;
; F8       ;            ; 2        ; VCCIO2         ; power  ;              ; 3.3V      ; --         ;                 ; --       ; --           ;
; F9       ;            ; 2        ; VCCIO2         ; power  ;              ; 3.3V      ; --         ;                 ; --       ; --           ;
; F10      ; 181        ; 2        ; GND*           ;        ;              ;           ; Column I/O ;                 ; no       ; Off          ;
; F11      ; 149        ; 3        ; GND*           ;        ;              ;           ; Row I/O    ;                 ; no       ; Off          ;
; F12      ; 151        ; 3        ; GND*           ;        ;              ;           ; Row I/O    ;                 ; no       ; Off          ;
; F13      ; 153        ; 3        ; GND*           ;        ;              ;           ; Row I/O    ;                 ; no       ; Off          ;
; F14      ; 155        ; 3        ; GND*           ;        ;              ;           ; Row I/O    ;                 ; no       ; Off          ;
; F15      ; 146        ; 3        ; GND*           ;        ;              ;           ; Row I/O    ;                 ; no       ; Off          ;
; F16      ; 144        ; 3        ; GND*           ;        ;              ;           ; Row I/O    ;                 ; no       ; Off          ;
; G1       ; 19         ; 1        ; GND*           ;        ;              ;           ; Row I/O    ;                 ; no       ; Off          ;
; G2       ; 17         ; 1        ; GND*           ;        ;              ;           ; Row I/O    ;                 ; no       ; Off          ;
; G3       ; 16         ; 1        ; GND*           ;        ;              ;           ; Row I/O    ;                 ; no       ; Off          ;
; G4       ; 18         ; 1        ; GND*           ;        ;              ;           ; Row I/O    ;                 ; no       ; Off          ;
; G5       ; 20         ; 1        ; GND*           ;        ;              ;           ; Row I/O    ;                 ; no       ; Off          ;
; G6       ; 22         ; 1        ; GND*           ;        ;              ;           ; Row I/O    ;                 ; no       ; Off          ;
; G7       ;            ;          ; GNDIO          ; gnd    ;              ;           ; --         ;                 ; --       ; --           ;
; G8       ;            ;          ; GNDIO          ; gnd    ;              ;           ; --         ;                 ; --       ; --           ;
; G9       ;            ;          ; GNDIO          ; gnd    ;              ;           ; --         ;                 ; --       ; --           ;
; G10      ;            ;          ; GNDIO          ; gnd    ;              ;           ; --         ;                 ; --       ; --           ;
; G11      ; 143        ; 3        ; GND*           ;        ;              ;           ; Row I/O    ;                 ; no       ; Off          ;
; G12      ; 141        ; 3        ; GND*           ;        ;              ;           ; Row I/O    ;                 ; no       ; Off          ;
; G13      ; 145        ; 3        ; GND*           ;        ;              ;           ; Row I/O    ;                 ; no       ; Off          ;
; G14      ; 147        ; 3        ; GND*           ;        ;              ;           ; Row I/O    ;                 ; no       ; Off          ;
; G15      ; 142        ; 3        ; GND*           ;        ;              ;           ; Row I/O    ;                 ; no       ; Off          ;
; G16      ; 140        ; 3        ; lpc_frame_l    ; input  ; 3.3-V LVTTL  ;           ; Row I/O    ; Y               ; no       ; Off          ;
; H1       ; 23         ; 1        ; GND*           ;        ;              ;           ; Row I/O    ;                 ; no       ; Off          ;
; H2       ; 21         ; 1        ; GND*           ;        ;              ;           ; Row I/O    ;                 ; no       ; Off          ;
; H3       ; 24         ; 1        ; GND*           ;        ;              ;           ; Row I/O    ;                 ; no       ; Off          ;
; H4       ; 28         ; 1        ; GND*           ;        ;              ;           ; Row I/O    ;                 ; no       ; Off          ;
; H5       ; 26         ; 1        ; GND*           ;        ;              ;           ; Row I/O    ;                 ; no       ; Off          ;
; H6       ;            ; 1        ; VCCIO1         ; power  ;              ; 3.3V      ; --         ;                 ; --       ; --           ;
; H7       ;            ;          ; GNDINT         ; gnd    ;              ;           ; --         ;                 ; --       ; --           ;
; H8       ;            ;          ; VCCINT         ; power  ;              ; 2.5V/3.3V ; --         ;                 ; --       ; --           ;
; H9       ;            ;          ; GNDINT         ; gnd    ;              ;           ; --         ;                 ; --       ; --           ;
; H10      ;            ;          ; VCCINT         ; power  ;              ; 2.5V/3.3V ; --         ;                 ; --       ; --           ;
; H11      ;            ; 3        ; VCCIO3         ; power  ;              ; 3.3V      ; --         ;                 ; --       ; --           ;
; H12      ; 135        ; 3        ; lpc_clk_l      ; input  ; 3.3-V LVTTL  ;           ; Row I/O    ; Y               ; no       ; Off          ;
; H13      ; 137        ; 3        ; GND*           ;        ;              ;           ; Row I/O    ;                 ; no       ; Off          ;
; H14      ; 139        ; 3        ; GND*           ;        ;              ;           ; Row I/O    ;                 ; no       ; Off          ;
; H15      ; 138        ; 3        ; GND*           ;        ;              ;           ; Row I/O    ;                 ; no       ; Off          ;
; H16      ; 136        ; 3        ; lpc_rst_l      ; input  ; 3.3-V LVTTL  ;           ; Row I/O    ; Y               ; no       ; Off          ;
; J1       ; 25         ; 1        ; GND*           ;        ;              ;           ; Row I/O    ;                 ; no       ; Off          ;
; J2       ; 29         ; 1        ; GND*           ;        ;              ;           ; Row I/O    ;                 ; no       ; Off          ;
; J3       ; 32         ; 1        ; GND*           ;        ;              ;           ; Row I/O    ;                 ; no       ; Off          ;
; J4       ; 30         ; 1        ; GND*           ;        ;              ;           ; Row I/O    ;                 ; no       ; Off          ;
; J5       ; 27         ; 1        ; GND*           ;        ;              ;           ; Row I/O    ;                 ; no       ; Off          ;
; J6       ;            ; 1        ; VCCIO1         ; power  ;              ; 3.3V      ; --         ;                 ; --       ; --           ;
; J7       ;            ;          ; VCCINT         ; power  ;              ; 2.5V/3.3V ; --         ;                 ; --       ; --           ;
; J8       ;            ;          ; GNDINT         ; gnd    ;              ;           ; --         ;                 ; --       ; --           ;
; J9       ;            ;          ; VCCINT         ; power  ;              ; 2.5V/3.3V ; --         ;                 ; --       ; --           ;
; J10      ;            ;          ; GNDINT         ; gnd    ;              ;           ; --         ;                 ; --       ; --           ;
; J11      ;            ; 3        ; VCCIO3         ; power  ;              ; 3.3V      ; --         ;                 ; --       ; --           ;
; J12      ; 134        ; 3        ; GND*           ;        ;              ;           ; Row I/O    ;                 ; no       ; Off          ;
; J13      ; 133        ; 3        ; GND*           ;        ;              ;           ; Row I/O    ;                 ; no       ; Off          ;
; J14      ; 131        ; 3        ; GND*           ;        ;              ;           ; Row I/O    ;                 ; no       ; Off          ;
; J15      ; 130        ; 3        ; GND*           ;        ;              ;           ; Row I/O    ;                 ; no       ; Off          ;
; J16      ; 132        ; 3        ; lpc_lad[3]     ; bidir  ; 3.3-V LVTTL  ;           ; Row I/O    ; Y               ; no       ; Off          ;
; K1       ; 31         ; 1        ; GND*           ;        ;              ;           ; Row I/O    ;                 ; no       ; Off          ;
; K2       ; 33         ; 1        ; GND*           ;        ;              ;           ; Row I/O    ;                 ; no       ; Off          ;
; K3       ; 40         ; 1        ; GND*           ;        ;              ;           ; Row I/O    ;                 ; no       ; Off          ;
; K4       ; 38         ; 1        ; GND*           ;        ;              ;           ; Row I/O    ;                 ; no       ; Off          ;
; K5       ; 36         ; 1        ; GND*           ;        ;              ;           ; Row I/O    ;                 ; no       ; Off          ;
; K6       ; 34         ; 1        ; GND*           ;        ;              ;           ; Row I/O    ;                 ; no       ; Off          ;
; K7       ;            ;          ; GNDIO          ; gnd    ;              ;           ; --         ;                 ; --       ; --           ;
; K8       ;            ;          ; GNDIO          ; gnd    ;              ;           ; --         ;                 ; --       ; --           ;
; K9       ;            ;          ; GNDIO          ; gnd    ;              ;           ; --         ;                 ; --       ; --           ;
; K10      ;            ;          ; GNDIO          ; gnd    ;              ;           ; --         ;                 ; --       ; --           ;
; K11      ; 129        ; 3        ; GND*           ;        ;              ;           ; Row I/O    ;                 ; no       ; Off          ;
; K12      ; 127        ; 3        ; GND*           ;        ;              ;           ; Row I/O    ;                 ; no       ; Off          ;
; K13      ; 125        ; 3        ; GND*           ;        ;              ;           ; Row I/O    ;                 ; no       ; Off          ;
; K14      ; 123        ; 3        ; GND*           ;        ;              ;           ; Row I/O    ;                 ; no       ; Off          ;
; K15      ; 126        ; 3        ; GND*           ;        ;              ;           ; Row I/O    ;                 ; no       ; Off          ;
; K16      ; 128        ; 3        ; lpc_lad[2]     ; bidir  ; 3.3-V LVTTL  ;           ; Row I/O    ; Y               ; no       ; Off          ;
; L1       ; 35         ; 1        ; GND*           ;        ;              ;           ; Row I/O    ;                 ; no       ; Off          ;
; L2       ; 37         ; 1        ; GND*           ;        ;              ;           ; Row I/O    ;                 ; no       ; Off          ;
; L3       ; 46         ; 1        ; GND*           ;        ;              ;           ; Row I/O    ;                 ; no       ; Off          ;
; L4       ; 44         ; 1        ; GND*           ;        ;              ;           ; Row I/O    ;                 ; no       ; Off          ;
; L5       ; 42         ; 1        ; GND*           ;        ;              ;           ; Row I/O    ;                 ; no       ; Off          ;
; L6       ; 51         ; 1        ; #TDI           ; input  ;              ;           ; --         ;                 ; --       ; --           ;
; L7       ; 73         ; 4        ; GND*           ;        ;              ;           ; Column I/O ;                 ; no       ; Off          ;
; L8       ;            ; 4        ; VCCIO4         ; power  ;              ; 3.3V      ; --         ;                 ; --       ; --           ;
; L9       ;            ; 4        ; VCCIO4         ; power  ;              ; 3.3V      ; --         ;                 ; --       ; --           ;
; L10      ; 87         ; 4        ; GND*           ;        ;              ;           ; Column I/O ;                 ; no       ; Off          ;
; L11      ; 121        ; 3        ; GND*           ;        ;              ;           ; Row I/O    ;                 ; no       ; Off          ;
; L12      ; 119        ; 3        ; GND*           ;        ;              ;           ; Row I/O    ;                 ; no       ; Off          ;
; L13      ; 117        ; 3        ; GND*           ;        ;              ;           ; Row I/O    ;                 ; no       ; Off          ;
; L14      ; 115        ; 3        ; GND*           ;        ;              ;           ; Row I/O    ;                 ; no       ; Off          ;
; L15      ; 122        ; 3        ; GND*           ;        ;              ;           ; Row I/O    ;                 ; no       ; Off          ;
; L16      ; 124        ; 3        ; lpc_lad[1]     ; bidir  ; 3.3-V LVTTL  ;           ; Row I/O    ; Y               ; no       ; Off          ;
; M1       ; 39         ; 1        ; GND*           ;        ;              ;           ; Row I/O    ;                 ; no       ; Off          ;
; M2       ; 41         ; 1        ; GND*           ;        ;              ;           ; Row I/O    ;                 ; no       ; Off          ;
; M3       ; 43         ; 1        ; GND*           ;        ;              ;           ; Row I/O    ;                 ; no       ; Off          ;
; M4       ; 48         ; 1        ; GND*           ;        ;              ;           ; Row I/O    ;                 ; no       ; Off          ;
; M5       ; 53         ; 1        ; #TDO           ; output ;              ;           ; --         ;                 ; --       ; --           ;
; M6       ; 65         ; 4        ; GND*           ;        ;              ;           ; Column I/O ;                 ; no       ; Off          ;
; M7       ; 71         ; 4        ; GND*           ;        ;              ;           ; Column I/O ;                 ; no       ; Off          ;
; M8       ; 85         ; 4        ; GND*           ;        ;              ;           ; Column I/O ;                 ; no       ; Off          ;
; M9       ; 86         ; 4        ; GND*           ;        ;              ;           ; Column I/O ;                 ; no       ; Off          ;
; M10      ; 89         ; 4        ; GND*           ;        ;              ;           ; Column I/O ;                 ; no       ; Off          ;
; M11      ; 95         ; 4        ; GND*           ;        ;              ;           ; Column I/O ;                 ; no       ; Off          ;
; M12      ; 101        ; 4        ; GND*           ;        ;              ;           ; Column I/O ;                 ; no       ; Off          ;
; M13      ; 113        ; 3        ; GND*           ;        ;              ;           ; Row I/O    ;                 ; no       ; Off          ;
; M14      ; 111        ; 3        ; GND*           ;        ;              ;           ; Row I/O    ;                 ; no       ; Off          ;
; M15      ; 118        ; 3        ; GND*           ;        ;              ;           ; Row I/O    ;                 ; no       ; Off          ;
; M16      ; 120        ; 3        ; lpc_lad[0]     ; bidir  ; 3.3-V LVTTL  ;           ; Row I/O    ; Y               ; no       ; Off          ;
; N1       ; 45         ; 1        ; GND*           ;        ;              ;           ; Row I/O    ;                 ; no       ; Off          ;
; N2       ; 47         ; 1        ; GND*           ;        ;              ;           ; Row I/O    ;                 ; no       ; Off          ;
; N3       ; 49         ; 1        ; GND*           ;        ;              ;           ; Column I/O ;                 ; no       ; Off          ;
; N4       ; 50         ; 1        ; #TMS           ; input  ;              ;           ; --         ;                 ; --       ; --           ;
; N5       ; 59         ; 4        ; GND*           ;        ;              ;           ; Column I/O ;                 ; no       ; Off          ;
; N6       ; 63         ; 4        ; GND*           ;        ;              ;           ; Column I/O ;                 ; no       ; Off          ;
; N7       ; 69         ; 4        ; GND*           ;        ;              ;           ; Column I/O ;                 ; no       ; Off          ;
; N8       ; 77         ; 4        ; GND*           ;        ;              ;           ; Column I/O ;                 ; no       ; Off          ;
; N9       ; 79         ; 4        ; GND*           ;        ;              ;           ; Column I/O ;                 ; no       ; Off          ;
; N10      ; 91         ; 4        ; GND*           ;        ;              ;           ; Column I/O ;                 ; no       ; Off          ;
; N11      ; 97         ; 4        ; GND*           ;        ;              ;           ; Column I/O ;                 ; no       ; Off          ;
; N12      ; 103        ; 4        ; GND*           ;        ;              ;           ; Column I/O ;                 ; no       ; Off          ;
; N13      ; 109        ; 3        ; GND*           ;        ;              ;           ; Row I/O    ;                 ; no       ; Off          ;
; N14      ; 112        ; 3        ; GND*           ;        ;              ;           ; Row I/O    ;                 ; no       ; Off          ;
; N15      ; 114        ; 3        ; GND*           ;        ;              ;           ; Row I/O    ;                 ; no       ; Off          ;
; N16      ; 116        ; 3        ; GND*           ;        ;              ;           ; Row I/O    ;                 ; no       ; Off          ;
; P1       ;            ; 1        ; VCCIO1         ; power  ;              ; 3.3V      ; --         ;                 ; --       ; --           ;
; P2       ; 54         ; 1        ; GND*           ;        ;              ;           ; Column I/O ;                 ; no       ; Off          ;
; P3       ; 52         ; 1        ; #TCK           ; input  ;              ;           ; --         ;                 ; --       ; --           ;
; P4       ; 55         ; 4        ; GND*           ;        ;              ;           ; Column I/O ;                 ; no       ; Off          ;
; P5       ; 57         ; 4        ; GND*           ;        ;              ;           ; Column I/O ;                 ; no       ; Off          ;
; P6       ; 61         ; 4        ; GND*           ;        ;              ;           ; Column I/O ;                 ; no       ; Off          ;
; P7       ; 67         ; 4        ; lpc_v3p3_s0    ; input  ; 3.3-V LVTTL  ;           ; Column I/O ; N               ; no       ; Off          ;
; P8       ; 75         ; 4        ; GND*           ;        ;              ;           ; Column I/O ;                 ; no       ; Off          ;
; P9       ; 83         ; 4        ; GND*           ;        ;              ;           ; Column I/O ;                 ; no       ; Off          ;
; P10      ; 93         ; 4        ; GND*           ;        ;              ;           ; Column I/O ;                 ; no       ; Off          ;
; P11      ; 99         ; 4        ; GND*           ;        ;              ;           ; Column I/O ;                 ; no       ; Off          ;
; P12      ; 105        ; 4        ; GND*           ;        ;              ;           ; Column I/O ;                 ; no       ; Off          ;
; P13      ; 107        ; 4        ; GND*           ;        ;              ;           ; Column I/O ;                 ; no       ; Off          ;
; P14      ; 108        ; 3        ; GND*           ;        ;              ;           ; Row I/O    ;                 ; no       ; Off          ;
; P15      ; 110        ; 3        ; GND*           ;        ;              ;           ; Row I/O    ;                 ; no       ; Off          ;
; P16      ;            ; 3        ; VCCIO3         ; power  ;              ; 3.3V      ; --         ;                 ; --       ; --           ;
; R1       ; 56         ; 4        ; GND*           ;        ;              ;           ; Column I/O ;                 ; no       ; Off          ;
; R2       ;            ;          ; GNDIO          ; gnd    ;              ;           ; --         ;                 ; --       ; --           ;
; R3       ; 60         ; 4        ; GND*           ;        ;              ;           ; Column I/O ;                 ; no       ; Off          ;
; R4       ; 62         ; 4        ; GND*           ;        ;              ;           ; Column I/O ;                 ; no       ; Off          ;
; R5       ; 66         ; 4        ; GND*           ;        ;              ;           ; Column I/O ;                 ; no       ; Off          ;
; R6       ; 70         ; 4        ; GND*           ;        ;              ;           ; Column I/O ;                 ; no       ; Off          ;
; R7       ; 74         ; 4        ; GND*           ;        ;              ;           ; Column I/O ;                 ; no       ; Off          ;
; R8       ; 78         ; 4        ; GND*           ;        ;              ;           ; Column I/O ;                 ; no       ; Off          ;
; R9       ; 82         ; 4        ; GND*           ;        ;              ;           ; Column I/O ;                 ; no       ; Off          ;
; R10      ; 88         ; 4        ; GND*           ;        ;              ;           ; Column I/O ;                 ; no       ; Off          ;
; R11      ; 92         ; 4        ; GND*           ;        ;              ;           ; Column I/O ;                 ; no       ; Off          ;
; R12      ; 96         ; 4        ; GND*           ;        ;              ;           ; Column I/O ;                 ; no       ; Off          ;
; R13      ; 100        ; 4        ; GND*           ;        ;              ;           ; Column I/O ;                 ; no       ; Off          ;
; R14      ; 102        ; 4        ; GND*           ;        ;              ;           ; Column I/O ;                 ; no       ; Off          ;
; R15      ;            ;          ; GNDIO          ; gnd    ;              ;           ; --         ;                 ; --       ; --           ;
; R16      ; 106        ; 4        ; GND*           ;        ;              ;           ; Column I/O ;                 ; no       ; Off          ;
; T1       ;            ;          ; GNDIO          ; gnd    ;              ;           ; --         ;                 ; --       ; --           ;
; T2       ; 58         ; 4        ; GND*           ;        ;              ;           ; Column I/O ;                 ; no       ; Off          ;
; T3       ;            ; 4        ; VCCIO4         ; power  ;              ; 3.3V      ; --         ;                 ; --       ; --           ;
; T4       ; 64         ; 4        ; GND*           ;        ;              ;           ; Column I/O ;                 ; no       ; Off          ;
; T5       ; 68         ; 4        ; GND*           ;        ;              ;           ; Column I/O ;                 ; no       ; Off          ;
; T6       ; 72         ; 4        ; qspi_out[0]    ; output ; 3.3-V LVTTL  ;           ; Column I/O ; Y               ; no       ; Off          ;
; T7       ; 76         ; 4        ; qspi_out[1]    ; output ; 3.3-V LVTTL  ;           ; Column I/O ; Y               ; no       ; Off          ;
; T8       ; 80         ; 4        ; qspi_out[2]    ; output ; 3.3-V LVTTL  ;           ; Column I/O ; Y               ; no       ; Off          ;
; T9       ; 81         ; 4        ; qspi_out[3]    ; output ; 3.3-V LVTTL  ;           ; Column I/O ; Y               ; no       ; Off          ;
; T10      ; 84         ; 4        ; qspi_int       ; output ; 3.3-V LVTTL  ;           ; Column I/O ; Y               ; no       ; Off          ;
; T11      ; 90         ; 4        ; qspi_clk       ; input  ; 3.3-V LVTTL  ;           ; Column I/O ; Y               ; no       ; Off          ;
; T12      ; 94         ; 4        ; GND*           ;        ;              ;           ; Column I/O ;                 ; no       ; Off          ;
; T13      ; 98         ; 4        ; GND*           ;        ;              ;           ; Column I/O ;                 ; no       ; Off          ;
; T14      ;            ; 4        ; VCCIO4         ; power  ;              ; 3.3V      ; --         ;                 ; --       ; --           ;
; T15      ; 104        ; 4        ; GND*           ;        ;              ;           ; Column I/O ;                 ; no       ; Off          ;
; T16      ;            ;          ; GNDIO          ; gnd    ;              ;           ; --         ;                 ; --       ; --           ;
+----------+------------+----------+----------------+--------+--------------+-----------+------------+-----------------+----------+--------------+
Note: Pin directions (input, output or bidir) are based on device operating in user mode.


+-------------------------------------------------------------+
; Output Pin Default Load For Reported TCO                    ;
+----------------------------+-------+------------------------+
; I/O Standard               ; Load  ; Termination Resistance ;
+----------------------------+-------+------------------------+
; 3.3-V LVTTL                ; 10 pF ; Not Available          ;
; 3.3-V LVCMOS               ; 10 pF ; Not Available          ;
; 2.5 V                      ; 10 pF ; Not Available          ;
; 1.8 V                      ; 10 pF ; Not Available          ;
; 1.5 V                      ; 10 pF ; Not Available          ;
; 3.3V Schmitt Trigger Input ; 10 pF ; Not Available          ;
; 2.5V Schmitt Trigger Input ; 10 pF ; Not Available          ;
; 3.3-V PCI                  ; 10 pF ; 25 Ohm (Parallel)      ;
+----------------------------+-------+------------------------+
Note: User assignments will override these defaults. The user specified values are listed in the Output Pins and Bidir Pins tables.


+-------------------------------------------+
; I/O Assignment Warnings                   ;
+-------------+-----------------------------+
; Pin Name    ; Reason                      ;
+-------------+-----------------------------+
; lpc_v3p3_s0 ; Missing location assignment ;
+-------------+-----------------------------+


+---------------------------------------------------------------------------------------------------------------------------------------------------------------------------------------------------------------------------------------------+
; Fitter Resource Utilization by Entity                                                                                                                                                                                                       ;
+----------------------------+-------------+--------------+------------+------+--------------+--------------+-------------------+------------------+-----------------+------------+------------------------------+-------------+--------------+
; Compilation Hierarchy Node ; Logic Cells ; LC Registers ; UFM Blocks ; Pins ; Virtual Pins ; LUT-Only LCs ; Register-Only LCs ; LUT/Register LCs ; Carry Chain LCs ; Packed LCs ; Full Hierarchy Name          ; Entity Name ; Library Name ;
+----------------------------+-------------+--------------+------------+------+--------------+--------------+-------------------+------------------+-----------------+------------+------------------------------+-------------+--------------+
; |top_level                 ; 62 (0)      ; 52           ; 0          ; 14   ; 0            ; 10 (0)       ; 29 (0)            ; 23 (0)           ; 0 (0)           ; 7 (0)      ; |top_level                   ; top_level   ; work         ;
;    |lpc_decode:comb_3|     ; 58 (58)     ; 48           ; 0          ; 0    ; 0            ; 10 (10)      ; 25 (25)           ; 23 (23)          ; 0 (0)           ; 7 (7)      ; |top_level|lpc_decode:comb_3 ; lpc_decode  ; work         ;
;    |qspi_slave:comb_4|     ; 4 (4)       ; 4            ; 0          ; 0    ; 0            ; 0 (0)        ; 4 (4)             ; 0 (0)            ; 0 (0)           ; 0 (0)      ; |top_level|qspi_slave:comb_4 ; qspi_slave  ; work         ;
+----------------------------+-------------+--------------+------------+------+--------------+--------------+-------------------+------------------+-----------------+------------+------------------------------+-------------+--------------+
Note: For table entries with two numbers listed, the numbers in parentheses indicate the number of resources of the given type used by the specific entity alone. The numbers listed outside of parentheses indicate the total resources of the given type used by the specific entity and all of its sub-entities in the hierarchy.


+----------------------------------------+
; Delay Chain Summary                    ;
+-------------+----------+---------------+
; Name        ; Pin Type ; Pad to Core 0 ;
+-------------+----------+---------------+
; lpc_v3p3_s0 ; Input    ; (0)           ;
; qspi_out[0] ; Output   ; --            ;
; qspi_out[1] ; Output   ; --            ;
; qspi_out[2] ; Output   ; --            ;
; qspi_out[3] ; Output   ; --            ;
; qspi_int    ; Output   ; --            ;
; lpc_lad[0]  ; Bidir    ; (1)           ;
; lpc_lad[1]  ; Bidir    ; (1)           ;
; lpc_lad[2]  ; Bidir    ; (1)           ;
; lpc_lad[3]  ; Bidir    ; (1)           ;
; qspi_clk    ; Input    ; (1)           ;
; lpc_frame_l ; Input    ; (1)           ;
; lpc_clk_l   ; Input    ; (0)           ;
; lpc_rst_l   ; Input    ; (1)           ;
+-------------+----------+---------------+


+--------------------------------------------------------------------------------------------------------------------------------------------+
; Control Signals                                                                                                                            ;
+-----------------------------------+--------------+---------+----------------------------+--------+----------------------+------------------+
; Name                              ; Location     ; Fan-Out ; Usage                      ; Global ; Global Resource Used ; Global Line Name ;
+-----------------------------------+--------------+---------+----------------------------+--------+----------------------+------------------+
; lpc_clk_l                         ; PIN_H12      ; 48      ; Clock                      ; yes    ; Global Clock         ; GCLK3            ;
; lpc_decode:comb_3|Selector6~0     ; LC_X15_Y5_N8 ; 5       ; Clock enable               ; no     ; --                   ; --               ;
; lpc_decode:comb_3|cmd_reg[2]~2    ; LC_X15_Y5_N6 ; 3       ; Clock enable               ; no     ; --                   ; --               ;
; lpc_decode:comb_3|lad_oe          ; LC_X15_Y3_N9 ; 4       ; Output enable              ; no     ; --                   ; --               ;
; lpc_decode:comb_3|lpc_hit         ; LC_X12_Y3_N4 ; 6       ; Clock                      ; yes    ; Global Clock         ; GCLK2            ;
; lpc_decode:comb_3|port_80[0]~3    ; LC_X13_Y5_N2 ; 4       ; Clock enable               ; no     ; --                   ; --               ;
; lpc_decode:comb_3|port_80[4]~2    ; LC_X14_Y5_N0 ; 4       ; Clock enable               ; no     ; --                   ; --               ;
; lpc_decode:comb_3|state_lpc.addr4 ; LC_X12_Y5_N3 ; 7       ; Clock enable               ; no     ; --                   ; --               ;
; lpc_decode:comb_3|state_lpc.addr5 ; LC_X12_Y5_N7 ; 5       ; Clock enable               ; no     ; --                   ; --               ;
; lpc_decode:comb_3|state_lpc.addr6 ; LC_X12_Y5_N0 ; 5       ; Clock enable               ; no     ; --                   ; --               ;
; lpc_decode:comb_3|state_lpc.addr7 ; LC_X15_Y5_N6 ; 5       ; Clock enable               ; no     ; --                   ; --               ;
; lpc_rst_l                         ; PIN_H16      ; 42      ; Async. clear, Clock enable ; yes    ; Global Clock         ; GCLK0            ;
; qspi_clk                          ; PIN_T11      ; 4       ; Async. load                ; yes    ; Global Clock         ; GCLK1            ;
+-----------------------------------+--------------+---------+----------------------------+--------+----------------------+------------------+


+----------------------------------------------------------------------------------------------+
; Global & Other Fast Signals                                                                  ;
+---------------------------+--------------+---------+----------------------+------------------+
; Name                      ; Location     ; Fan-Out ; Global Resource Used ; Global Line Name ;
+---------------------------+--------------+---------+----------------------+------------------+
; lpc_clk_l                 ; PIN_H12      ; 48      ; Global Clock         ; GCLK3            ;
; lpc_decode:comb_3|lpc_hit ; LC_X12_Y3_N4 ; 6       ; Global Clock         ; GCLK2            ;
; lpc_rst_l                 ; PIN_H16      ; 42      ; Global Clock         ; GCLK0            ;
; qspi_clk                  ; PIN_T11      ; 4       ; Global Clock         ; GCLK1            ;
+---------------------------+--------------+---------+----------------------+------------------+


+----------------------------------------------+
; Routing Usage Summary                        ;
+-----------------------+----------------------+
; Routing Resource Type ; Usage                ;
+-----------------------+----------------------+
; C4s                   ; 30 / 2,870 ( 1 % )   ;
; Direct links          ; 13 / 3,938 ( < 1 % ) ;
; Global clocks         ; 4 / 4 ( 100 % )      ;
; LAB clocks            ; 13 / 72 ( 18 % )     ;
; LUT chains            ; 3 / 1,143 ( < 1 % )  ;
; Local interconnects   ; 82 / 3,938 ( 2 % )   ;
; R4s                   ; 41 / 2,832 ( 1 % )   ;
+-----------------------+----------------------+


+--------------------------------------------------------------------------+
; LAB Logic Elements                                                       ;
+--------------------------------------------+-----------------------------+
; Number of Logic Elements  (Average = 6.89) ; Number of LABs  (Total = 9) ;
+--------------------------------------------+-----------------------------+
; 1                                          ; 1                           ;
; 2                                          ; 0                           ;
; 3                                          ; 1                           ;
; 4                                          ; 1                           ;
; 5                                          ; 0                           ;
; 6                                          ; 1                           ;
; 7                                          ; 0                           ;
; 8                                          ; 1                           ;
; 9                                          ; 0                           ;
; 10                                         ; 4                           ;
+--------------------------------------------+-----------------------------+


+------------------------------------------------------------------+
; LAB-wide Signals                                                 ;
+------------------------------------+-----------------------------+
; LAB-wide Signals  (Average = 2.33) ; Number of LABs  (Total = 9) ;
+------------------------------------+-----------------------------+
; 1 Async. clear                     ; 7                           ;
; 1 Async. load                      ; 1                           ;
; 1 Clock                            ; 8                           ;
; 1 Clock enable                     ; 3                           ;
; 2 Clock enables                    ; 1                           ;
; 2 Clocks                           ; 1                           ;
+------------------------------------+-----------------------------+


+---------------------------------------------------------------------------+
; LAB Signals Sourced                                                       ;
+---------------------------------------------+-----------------------------+
; Number of Signals Sourced  (Average = 7.22) ; Number of LABs  (Total = 9) ;
+---------------------------------------------+-----------------------------+
; 0                                           ; 0                           ;
; 1                                           ; 1                           ;
; 2                                           ; 0                           ;
; 3                                           ; 1                           ;
; 4                                           ; 1                           ;
; 5                                           ; 0                           ;
; 6                                           ; 1                           ;
; 7                                           ; 0                           ;
; 8                                           ; 1                           ;
; 9                                           ; 0                           ;
; 10                                          ; 2                           ;
; 11                                          ; 1                           ;
; 12                                          ; 1                           ;
+---------------------------------------------+-----------------------------+


+-------------------------------------------------------------------------------+
; LAB Signals Sourced Out                                                       ;
+-------------------------------------------------+-----------------------------+
; Number of Signals Sourced Out  (Average = 3.22) ; Number of LABs  (Total = 9) ;
+-------------------------------------------------+-----------------------------+
; 0                                               ; 0                           ;
; 1                                               ; 2                           ;
; 2                                               ; 2                           ;
; 3                                               ; 1                           ;
; 4                                               ; 1                           ;
; 5                                               ; 2                           ;
; 6                                               ; 1                           ;
+-------------------------------------------------+-----------------------------+


+---------------------------------------------------------------------------+
; LAB Distinct Inputs                                                       ;
+---------------------------------------------+-----------------------------+
; Number of Distinct Inputs  (Average = 8.89) ; Number of LABs  (Total = 9) ;
+---------------------------------------------+-----------------------------+
; 0                                           ; 0                           ;
; 1                                           ; 0                           ;
; 2                                           ; 0                           ;
; 3                                           ; 0                           ;
; 4                                           ; 0                           ;
; 5                                           ; 2                           ;
; 6                                           ; 2                           ;
; 7                                           ; 0                           ;
; 8                                           ; 1                           ;
; 9                                           ; 1                           ;
; 10                                          ; 0                           ;
; 11                                          ; 1                           ;
; 12                                          ; 0                           ;
; 13                                          ; 1                           ;
; 14                                          ; 0                           ;
; 15                                          ; 0                           ;
; 16                                          ; 0                           ;
; 17                                          ; 1                           ;
+---------------------------------------------+-----------------------------+


+-------------------------------------------------------------------------+
; Fitter Device Options                                                   ;
+----------------------------------------------+--------------------------+
; Option                                       ; Setting                  ;
+----------------------------------------------+--------------------------+
; Enable user-supplied start-up clock (CLKUSR) ; Off                      ;
; Enable device-wide reset (DEV_CLRn)          ; Off                      ;
; Enable device-wide output enable (DEV_OE)    ; Off                      ;
; Enable INIT_DONE output                      ; Off                      ;
; Configuration scheme                         ; Passive Serial           ;
; Reserve all unused pins                      ; As output driving ground ;
+----------------------------------------------+--------------------------+


+-----------------+
; Fitter Messages ;
+-----------------+
Info (16303): Aggressive Performance optimization mode selected -- timing performance will be prioritized at the potential cost of increased logic area and compilation time
Warning (18236): Number of processors has not been specified which may cause overloading on shared machines.  Set the global assignment NUM_PARALLEL_PROCESSORS in your QSF to an appropriate value for best performance.
Info (20030): Parallel compilation is enabled and will use 16 of the 32 processors detected
Info (119006): Selected device EPM1270F256C5 for design "lpcdbg_qspi_p83-80_intel-sr6a4"
Info (21077): Low junction temperature is 0 degrees C
Info (21077): High junction temperature is 85 degrees C
Info (171004): Fitter is performing a Standard Fit compilation using maximum Fitter effort to optimize design performance
Warning (292013): Feature LogicLock is only available with a valid subscription license. You can purchase a software subscription to gain full access to this feature.
Info (176444): Device migration not selected. If you intend to use device migration later, you may need to change the pin assignments as they may be incompatible with other devices
    Info (176445): Device EPM570F256C5 is compatible
    Info (176445): Device EPM570F256I5 is compatible
    Info (176445): Device EPM1270F256I5 is compatible
    Info (176445): Device EPM1270F256A5 is compatible
    Info (176445): Device EPM2210F256C5 is compatible
    Info (176445): Device EPM2210F256I5 is compatible
    Info (176445): Device EPM2210F256A5 is compatible
Critical Warning (169085): No exact pin location assignment(s) for 1 pins of 14 total pins. For the list of pins please refer to the I/O Assignment Warnings table in the fitter report.
Critical Warning (332012): Synopsys Design Constraints File file not found: 'lpcdbg_qspi_p83-80_intel-sr6a4.sdc'. A Synopsys Design Constraints File is required by the Timing Analyzer to get proper timing constraints. Without it, the Compiler will not properly optimize the design.
Info (332144): No user constrained base clocks found in the design
Info (332128): Timing requirements not specified -- optimizing circuit to achieve the following default global requirements
    Info (332127): Assuming a default timing requirement
Info (332111): Found 2 clocks
    Info (332111):   Period   Clock Name
    Info (332111): ======== ============
    Info (332111):    1.000    lpc_clk_l
    Info (332111):    1.000 lpc_decode:comb_3|lpc_hit
Info (186079): Completed User Assigned Global Signals Promotion Operation
Info (186215): Automatically promoted signal "lpc_clk_l" to use Global clock in PIN H12 File: D:/6 - Projects/Software/! FPGA - CPLD/lpcdbg_qspi_p83-80_intel-sr6a4_evt/top_level.v Line: 32
Info (186216): Automatically promoted some destinations of signal "lpc_decode:comb_3|lpc_hit" to use Global clock File: D:/6 - Projects/Software/! FPGA - CPLD/lpcdbg_qspi_p83-80_intel-sr6a4_evt/lpc_decode.v Line: 35
    Info (186217): Destination "qspi_int" may be non-global or may not use global clock File: D:/6 - Projects/Software/! FPGA - CPLD/lpcdbg_qspi_p83-80_intel-sr6a4_evt/top_level.v Line: 43
    Info (186217): Destination "lpc_decode:comb_3|lpc_hit" may be non-global or may not use global clock File: D:/6 - Projects/Software/! FPGA - CPLD/lpcdbg_qspi_p83-80_intel-sr6a4_evt/lpc_decode.v Line: 35
Info (186216): Automatically promoted some destinations of signal "lpc_rst_l" to use Global clock File: D:/6 - Projects/Software/! FPGA - CPLD/lpcdbg_qspi_p83-80_intel-sr6a4_evt/top_level.v Line: 38
    Info (186217): Destination "lpc_decode:comb_3|lpc_hit" may be non-global or may not use global clock File: D:/6 - Projects/Software/! FPGA - CPLD/lpcdbg_qspi_p83-80_intel-sr6a4_evt/lpc_decode.v Line: 35
    Info (186217): Destination "lpc_decode:comb_3|port_80[4]~2" may be non-global or may not use global clock File: D:/6 - Projects/Software/! FPGA - CPLD/lpcdbg_qspi_p83-80_intel-sr6a4_evt/lpc_decode.v Line: 102
    Info (186217): Destination "lpc_decode:comb_3|port_80[0]~3" may be non-global or may not use global clock File: D:/6 - Projects/Software/! FPGA - CPLD/lpcdbg_qspi_p83-80_intel-sr6a4_evt/lpc_decode.v Line: 102
Info (186228): Pin "lpc_rst_l" drives global clock, but is not placed in a dedicated clock pin position File: D:/6 - Projects/Software/! FPGA - CPLD/lpcdbg_qspi_p83-80_intel-sr6a4_evt/top_level.v Line: 38
Info (186215): Automatically promoted signal "qspi_clk" to use Global clock File: D:/6 - Projects/Software/! FPGA - CPLD/lpcdbg_qspi_p83-80_intel-sr6a4_evt/top_level.v Line: 42
Info (186228): Pin "qspi_clk" drives global clock, but is not placed in a dedicated clock pin position File: D:/6 - Projects/Software/! FPGA - CPLD/lpcdbg_qspi_p83-80_intel-sr6a4_evt/top_level.v Line: 42
Info (186079): Completed Auto Global Promotion Operation
Info (176234): Starting register packing
Info (186468): Started processing fast register assignments
Info (186469): Finished processing fast register assignments
Info (176235): Finished register packing
Info (176214): Statistics of I/O pins that need to be placed that use the same VCCIO and VREF, before I/O pin placement
    Info (176211): Number of I/O pins in group: 1 (unused VREF, 3.3V VCCIO, 1 input, 0 output, 0 bidirectional)
        Info (176212): I/O standards used: 3.3-V LVTTL.
Info (176215): I/O bank details before I/O pin placement
    Info (176214): Statistics of I/O banks
        Info (176213): I/O bank number 1 does not use VREF pins and has undetermined VCCIO pins. 0 total pin(s) used --  51 pins available
        Info (176213): I/O bank number 2 does not use VREF pins and has undetermined VCCIO pins. 0 total pin(s) used --  53 pins available
        Info (176213): I/O bank number 3 does not use VREF pins and has 3.3V VCCIO pins. 7 total pin(s) used --  48 pins available
        Info (176213): I/O bank number 4 does not use VREF pins and has 3.3V VCCIO pins. 6 total pin(s) used --  47 pins available
Info (128000): Starting physical synthesis optimizations for speed
Info (128002): Starting physical synthesis algorithm register retiming
Info (128003): Physical synthesis algorithm register retiming complete: estimated slack improvement of 0 ps
Info (128002): Starting physical synthesis algorithm register retiming
Info (128003): Physical synthesis algorithm register retiming complete: estimated slack improvement of 0 ps
Info (128002): Starting physical synthesis algorithm combinational resynthesis using boolean division
Info (128003): Physical synthesis algorithm combinational resynthesis using boolean division complete: estimated slack improvement of 79 ps
Info (128002): Starting physical synthesis algorithm register retiming
Info (128003): Physical synthesis algorithm register retiming complete: estimated slack improvement of 0 ps
Info (128002): Starting physical synthesis algorithm register retiming
Info (128003): Physical synthesis algorithm register retiming complete: estimated slack improvement of 0 ps
Info (128002): Starting physical synthesis algorithm combinational resynthesis using boolean division
Info (128003): Physical synthesis algorithm combinational resynthesis using boolean division complete: estimated slack improvement of 0 ps
Info (128001): Physical synthesis optimizations for speed complete: elapsed time is 00:00:00
Info (171121): Fitter preparation operations ending: elapsed time is 00:00:00
Info (14896): Fitter has disabled Advanced Physical Optimization because it is not supported for the current family.
Info (170189): Fitter placement preparation operations beginning
Info (170190): Fitter placement preparation operations ending: elapsed time is 00:00:00
Info (170191): Fitter placement operations beginning
Info (170137): Fitter placement was successful
Info (170192): Fitter placement operations ending: elapsed time is 00:00:01
Info (170193): Fitter routing operations beginning
Info (170195): Router estimated average interconnect usage is 1% of the available device resources
    Info (170196): Router estimated peak interconnect usage is 2% of the available device resources in the region that extends from location X9_Y0 to location X17_Y11
Info (170194): Fitter routing operations ending: elapsed time is 00:00:01
Info (11888): Total time spent on timing analysis during the Fitter is 0.21 seconds.
Info (11218): Fitter post-fit operations ending: elapsed time is 00:00:00
Warning (169174): The Reserve All Unused Pins setting has not been specified, and will default to 'As output driving ground'.
Info (144001): Generated suppressed messages file D:/6 - Projects/Software/! FPGA - CPLD/lpcdbg_qspi_p83-80_intel-sr6a4_evt/output_files/lpcdbg_qspi_p83-80_intel-sr6a4.fit.smsg
Info: Quartus Prime Fitter was successful. 0 errors, 5 warnings
    Info: Peak virtual memory: 2120 megabytes
    Info: Processing ended: Tue Oct 26 04:04:31 2021
    Info: Elapsed time: 00:00:03
    Info: Total CPU time (on all processors): 00:00:06


+----------------------------+
; Fitter Suppressed Messages ;
+----------------------------+
The suppressed messages can be found in D:/6 - Projects/Software/! FPGA - CPLD/lpcdbg_qspi_p83-80_intel-sr6a4_evt/output_files/lpcdbg_qspi_p83-80_intel-sr6a4.fit.smsg.


