Flow report for lpcdbg_qspi_p83-80_intel-sr6a4
Tue Oct 26 04:04:36 2021
Quartus Prime Version 20.1.1 Build 720 11/11/2020 SJ Lite Edition


---------------------
; Table of Contents ;
---------------------
  1. Legal Notice
  2. Flow Summary
  3. Flow Settings
  4. Flow Non-Default Global Settings
  5. Flow Elapsed Time
  6. Flow OS Summary
  7. Flow Log
  8. Flow Messages
  9. Flow Suppressed Messages



----------------
; Legal Notice ;
----------------
Copyright (C) 2020  Intel Corporation. All rights reserved.
Your use of Intel Corporation's design tools, logic functions 
and other software and tools, and any partner logic 
functions, and any output files from any of the foregoing 
(including device programming or simulation files), and any 
associated documentation or information are expressly subject 
to the terms and conditions of the Intel Program License 
Subscription Agreement, the Intel Quartus Prime License Agreement,
the Intel FPGA IP License Agreement, or other applicable license
agreement, including, without limitation, that your use is for
the sole purpose of programming logic devices manufactured by
Intel and sold by Intel or its authorized distributors.  Please
refer to the applicable agreement for further details, at
https://fpgasoftware.intel.com/eula.



+---------------------------------------------------------------------+
; Flow Summary                                                        ;
+-----------------------+---------------------------------------------+
; Flow Status           ; Successful - Tue Oct 26 04:04:36 2021       ;
; Quartus Prime Version ; 20.1.1 Build 720 11/11/2020 SJ Lite Edition ;
; Revision Name         ; lpcdbg_qspi_p83-80_intel-sr6a4              ;
; Top-level Entity Name ; top_level                                   ;
; Family                ; MAX II                                      ;
; Device                ; EPM1270F256C5                               ;
; Timing Models         ; Final                                       ;
; Total logic elements  ; 62 / 1,270 ( 5 % )                          ;
; Total pins            ; 14 / 212 ( 7 % )                            ;
; Total virtual pins    ; 0                                           ;
; UFM blocks            ; 0 / 1 ( 0 % )                               ;
+-----------------------+---------------------------------------------+


+----------------------------------------------------+
; Flow Settings                                      ;
+-------------------+--------------------------------+
; Option            ; Setting                        ;
+-------------------+--------------------------------+
; Start date & time ; 10/26/2021 04:04:20            ;
; Main task         ; Compilation                    ;
; Revision Name     ; lpcdbg_qspi_p83-80_intel-sr6a4 ;
+-------------------+--------------------------------+


+-----------------------------------------------------------------------------------------------------------------------------------------------------+
; Flow Non-Default Global Settings                                                                                                                    ;
+--------------------------------------+----------------------------------------+--------------------------------------+-------------+----------------+
; Assignment Name                      ; Value                                  ; Default Value                        ; Entity Name ; Section Id     ;
+--------------------------------------+----------------------------------------+--------------------------------------+-------------+----------------+
; COMPILER_SIGNATURE_ID                ; 123719799416224.163518145910300        ; --                                   ; --          ; --             ;
; EDA_OUTPUT_DATA_FORMAT               ; Verilog Hdl                            ; --                                   ; --          ; eda_simulation ;
; EDA_SIMULATION_TOOL                  ; ModelSim-Altera (Verilog)              ; <None>                               ; --          ; --             ;
; FITTER_EFFORT                        ; Standard Fit                           ; Auto Fit                             ; --          ; --             ;
; MAX_CORE_JUNCTION_TEMP               ; 85                                     ; --                                   ; --          ; --             ;
; MIN_CORE_JUNCTION_TEMP               ; 0                                      ; --                                   ; --          ; --             ;
; MUX_RESTRUCTURE                      ; Off                                    ; Auto                                 ; --          ; --             ;
; OPTIMIZATION_MODE                    ; Aggressive Performance                 ; Balanced                             ; --          ; --             ;
; PARTITION_COLOR                      ; 16764057                               ; --                                   ; top_level   ; Top            ;
; PARTITION_FITTER_PRESERVATION_LEVEL  ; PLACEMENT_AND_ROUTING                  ; --                                   ; top_level   ; Top            ;
; PARTITION_NETLIST_TYPE               ; SOURCE                                 ; --                                   ; top_level   ; Top            ;
; PHYSICAL_SYNTHESIS_COMBO_LOGIC       ; On                                     ; Off                                  ; --          ; --             ;
; PHYSICAL_SYNTHESIS_REGISTER_RETIMING ; On                                     ; Off                                  ; --          ; --             ;
; PLACEMENT_EFFORT_MULTIPLIER          ; 4.0                                    ; 1.0                                  ; --          ; --             ;
; POWER_BOARD_THERMAL_MODEL            ; -- (Not supported for targeted family) ; --                                   ; --          ; --             ;
; POWER_PRESET_COOLING_SOLUTION        ; 23 MM HEAT SINK WITH 200 LFPM AIRFLOW  ; --                                   ; --          ; --             ;
; PROJECT_IP_REGENERATION_POLICY       ; ALWAYS_REGENERATE_IP                   ; SKIP_REGENERATING_IP_IF_HDL_MODIFIED ; --          ; --             ;
; PROJECT_OUTPUT_DIRECTORY             ; output_files                           ; --                                   ; --          ; --             ;
; ROUTER_TIMING_OPTIMIZATION_LEVEL     ; MAXIMUM                                ; Normal                               ; --          ; --             ;
; TOP_LEVEL_ENTITY                     ; top_level                              ; lpcdbg_qspi_p83-80_intel-sr6a4       ; --          ; --             ;
+--------------------------------------+----------------------------------------+--------------------------------------+-------------+----------------+


+--------------------------------------------------------------------------------------------------------------------------+
; Flow Elapsed Time                                                                                                        ;
+----------------------+--------------+-------------------------+---------------------+------------------------------------+
; Module Name          ; Elapsed Time ; Average Processors Used ; Peak Virtual Memory ; Total CPU Time (on all processors) ;
+----------------------+--------------+-------------------------+---------------------+------------------------------------+
; Analysis & Synthesis ; 00:00:08     ; 1.0                     ; 590 MB              ; 00:00:24                           ;
; Fitter               ; 00:00:03     ; 1.1                     ; 2120 MB             ; 00:00:06                           ;
; Assembler            ; 00:00:00     ; 1.0                     ; 552 MB              ; 00:00:01                           ;
; Timing Analyzer      ; 00:00:01     ; 1.0                     ; 571 MB              ; 00:00:01                           ;
; EDA Netlist Writer   ; 00:00:01     ; 1.0                     ; 512 MB              ; 00:00:01                           ;
; Total                ; 00:00:13     ; --                      ; --                  ; 00:00:33                           ;
+----------------------+--------------+-------------------------+---------------------+------------------------------------+


+------------------------------------------------------------------------------------+
; Flow OS Summary                                                                    ;
+----------------------+------------------+------------+------------+----------------+
; Module Name          ; Machine Hostname ; OS Name    ; OS Version ; Processor type ;
+----------------------+------------------+------------+------------+----------------+
; Analysis & Synthesis ; DESKTOP-TETVRGN  ; Windows 10 ; 10.0       ; x86_64         ;
; Fitter               ; DESKTOP-TETVRGN  ; Windows 10 ; 10.0       ; x86_64         ;
; Assembler            ; DESKTOP-TETVRGN  ; Windows 10 ; 10.0       ; x86_64         ;
; Timing Analyzer      ; DESKTOP-TETVRGN  ; Windows 10 ; 10.0       ; x86_64         ;
; EDA Netlist Writer   ; DESKTOP-TETVRGN  ; Windows 10 ; 10.0       ; x86_64         ;
+----------------------+------------------+------------+------------+----------------+


------------
; Flow Log ;
------------
quartus_map --read_settings_files=on --write_settings_files=off lpcdbg_qspi_p83-80_intel-sr6a4 -c lpcdbg_qspi_p83-80_intel-sr6a4
quartus_fit --read_settings_files=off --write_settings_files=off lpcdbg_qspi_p83-80_intel-sr6a4 -c lpcdbg_qspi_p83-80_intel-sr6a4
quartus_asm --read_settings_files=off --write_settings_files=off lpcdbg_qspi_p83-80_intel-sr6a4 -c lpcdbg_qspi_p83-80_intel-sr6a4
quartus_sta lpcdbg_qspi_p83-80_intel-sr6a4 -c lpcdbg_qspi_p83-80_intel-sr6a4
quartus_eda --read_settings_files=off --write_settings_files=off lpcdbg_qspi_p83-80_intel-sr6a4 -c lpcdbg_qspi_p83-80_intel-sr6a4



